INFO:     Will watch for changes in these directories: ['C:\\Users\\USUARIO\\Downloads\\Nexus-Batles-V-main\\Nexus-Batles-V-main\\backend\\chatbot']
INFO:     Uvicorn running on http://0.0.0.0:8001 (Press CTRL+C to quit)
INFO:     Started reloader process [26244] using StatReload
Process SpawnProcess-1:
Traceback (most recent call last):
  File "c:\Users\USUARIO\AppData\Local\Programs\Python\Python313\Lib\multiprocessing\process.py", line 313, in _bootstrap
    self.run()
    ~~~~~~~~^^
  File "c:\Users\USUARIO\AppData\Local\Programs\Python\Python313\Lib\multiprocessing\process.py", line 108, in run
    self._target(*self._args, **self._kwargs)
    ~~~~~~~~~~~~^^^^^^^^^^^^^^^^^^^^^^^^^^^^^
  File "c:\Users\USUARIO\AppData\Local\Programs\Python\Python313\Lib\site-packages\uvicorn\_subprocess.py", line 80, in subprocess_started
    target(sockets=sockets)
    ~~~~~~^^^^^^^^^^^^^^^^^
  File "c:\Users\USUARIO\AppData\Local\Programs\Python\Python313\Lib\site-packages\uvicorn\server.py", line 75, in run
    return asyncio_run(self.serve(sockets=sockets), loop_factory=self.config.get_loop_factory())
  File "c:\Users\USUARIO\AppData\Local\Programs\Python\Python313\Lib\asyncio\runners.py", line 195, in run
    return runner.run(main)
           ~~~~~~~~~~^^^^^^
  File "c:\Users\USUARIO\AppData\Local\Programs\Python\Python313\Lib\asyncio\runners.py", line 118, in run
    return self._loop.run_until_complete(task)
           ~~~~~~~~~~~~~~~~~~~~~~~~~~~~~^^^^^^
  File "c:\Users\USUARIO\AppData\Local\Programs\Python\Python313\Lib\asyncio\base_events.py", line 725, in run_until_complete
    return future.result()
           ~~~~~~~~~~~~~^^
  File "c:\Users\USUARIO\AppData\Local\Programs\Python\Python313\Lib\site-packages\uvicorn\server.py", line 79, in serve
    await self._serve(sockets)
  File "c:\Users\USUARIO\AppData\Local\Programs\Python\Python313\Lib\site-packages\uvicorn\server.py", line 86, in _serve
    config.load()
    ~~~~~~~~~~~^^
  File "c:\Users\USUARIO\AppData\Local\Programs\Python\Python313\Lib\site-packages\uvicorn\config.py", line 441, in load
    self.loaded_app = import_from_string(self.app)
                      ~~~~~~~~~~~~~~~~~~^^^^^^^^^^
  File "c:\Users\USUARIO\AppData\Local\Programs\Python\Python313\Lib\site-packages\uvicorn\importer.py", line 22, in import_from_string
    raise exc from None
  File "c:\Users\USUARIO\AppData\Local\Programs\Python\Python313\Lib\site-packages\uvicorn\importer.py", line 19, in import_from_string
    module = importlib.import_module(module_str)
  File "c:\Users\USUARIO\AppData\Local\Programs\Python\Python313\Lib\importlib\__init__.py", line 88, in import_module
    return _bootstrap._gcd_import(name[level:], package, level)
           ~~~~~~~~~~~~~~~~~~~~~~^^^^^^^^^^^^^^^^^^^^^^^^^^^^^^
  File "<frozen importlib._bootstrap>", line 1387, in _gcd_import
  File "<frozen importlib._bootstrap>", line 1360, in _find_and_load
  File "<frozen importlib._bootstrap>", line 1331, in _find_and_load_unlocked
  File "<frozen importlib._bootstrap>", line 935, in _load_unlocked
  File "<frozen importlib._bootstrap_external>", line 1023, in exec_module
  File "<frozen importlib._bootstrap>", line 488, in _call_with_frames_removed
  File "C:\Users\USUARIO\Downloads\Nexus-Batles-V-main\Nexus-Batles-V-main\backend\chatbot\main.py", line 17, in <module>
    from src.infrastructure.logging.logger import get_logger
ModuleNotFoundError: No module named 'src.infrastructure.logging.logger'WWARNING:  StatReload detected changes in 'src\__init__.py'. Reloading...22026-04-01 14:22:47,245 INFO [nexus.main] Nexus Chatbot module initialized — Hexagonal Architecture v2.0
INFO:     Started server process [15296]
INFO:     Waiting for application startup.
INFO:     Application startup complete.WARNING:  StatReload detected changes in 'src\modules\chatbot\module.py'. Reloading...
IINFO:     Shutting down
INFO:     Waiting for application shutdown.
INFO:     Application shutdown complete.
INFO:     Finished server process [15296]
2026-04-01 14:57:48,589 INFO [nexus.main] Nexus Chatbot module initialized — Hexagonal Architecture v2.0
INFO:     Started server process [24772]
INFO:     Waiting for application startup.
INFO:     Application startup complete.
WARNING:  StatReload detected changes in 'src\infrastructure\gateways\groq_gateway.py'. Reloading...
INFO:     Shutting down
INFO:     Waiting for application shutdown.
INFO:     Application shutdown complete.
INFO:     Finished server process [24772]
2026-04-01 15:02:48,994 INFO [nexus.main] Nexus Chatbot module initialized — Hexagonal Architecture v2.0
INFO:     Started server process [31512]
INFO:     Waiting for application startup.
INFO:     App